[debug] [2024-04-01T17:52:15.184Z] ----------------------------------------------------------------------
[debug] [2024-04-01T17:52:15.186Z] Command:       C:\Program Files\nodejs\node.exe C:\Users\rufar\AppData\Roaming\npm\node_modules\firebase-tools\lib\bin\firebase.js init
[debug] [2024-04-01T17:52:15.186Z] CLI Version:   13.6.0
[debug] [2024-04-01T17:52:15.186Z] Platform:      win32
[debug] [2024-04-01T17:52:15.186Z] Node Version:  v21.7.1
[debug] [2024-04-01T17:52:15.186Z] Time:          Mon Apr 01 2024 19:52:15 GMT+0200 (Central European Summer Time)
[debug] [2024-04-01T17:52:15.186Z] ----------------------------------------------------------------------
[debug] 
[debug] [2024-04-01T17:52:15.193Z] > command requires scopes: ["email","openid","https://www.googleapis.com/auth/cloudplatformprojects.readonly","https://www.googleapis.com/auth/firebase","https://www.googleapis.com/auth/cloud-platform"]
[debug] [2024-04-01T17:52:15.194Z] > authorizing via signed-in user (rufarochiuta@gmail.com)
[info] 
     ######## #### ########  ######## ########     ###     ######  ########
     ##        ##  ##     ## ##       ##     ##  ##   ##  ##       ##
     ######    ##  ########  ######   ########  #########  ######  ######
     ##        ##  ##    ##  ##       ##     ## ##     ##       ## ##
     ##       #### ##     ## ######## ########  ##     ##  ######  ########

You're about to initialize a Firebase project in this directory:

  C:\wamp64\www\onemusic

Before we get started, keep in mind:

  * You are currently outside your home directory

[info] 
=== Project Setup
[info] 
[info] First, let's associate this project directory with a Firebase project.
[info] You can create multiple project aliases by running firebase use --add, 
[info] but for now we'll just set up a default project.
[info] 
[debug] [2024-04-01T17:53:59.292Z] >>> [apiv2][query] GET https://firebase.googleapis.com/v1beta1/projects pageSize=100
[debug] [2024-04-01T17:54:00.026Z] <<< [apiv2][status] GET https://firebase.googleapis.com/v1beta1/projects 200
[debug] [2024-04-01T17:54:00.026Z] <<< [apiv2][body] GET https://firebase.googleapis.com/v1beta1/projects [omitted]
[info] i  Using project onemusic-f0b73 (onemusic) 
[info] 
=== Hosting Setup
[debug] [2024-04-01T17:54:04.888Z] >>> [apiv2][query] GET https://firebase.googleapis.com/v1beta1/projects/onemusic-f0b73 [none]
[debug] [2024-04-01T17:54:05.127Z] <<< [apiv2][status] GET https://firebase.googleapis.com/v1beta1/projects/onemusic-f0b73 200
[debug] [2024-04-01T17:54:05.128Z] <<< [apiv2][body] GET https://firebase.googleapis.com/v1beta1/projects/onemusic-f0b73 {"projectId":"onemusic-f0b73","projectNumber":"583930565232","displayName":"onemusic","name":"projects/onemusic-f0b73","resources":{"hostingSite":"onemusic-f0b73"},"state":"ACTIVE","etag":"1_a7e17936-612d-4b12-bb30-1f9aaab0db48"}
[info] 
[info] Your public directory is the folder (relative to your project directory) that
[info] will contain Hosting assets to be uploaded with firebase deploy. If you
[info] have a build process for your assets, use your build's output directory.
[info] 
[debug] [2024-04-01T17:55:39.838Z] >>> [apiv2][query] GET https://www.gstatic.com/firebasejs/releases.json [none]
[debug] [2024-04-01T17:55:40.047Z] <<< [apiv2][status] GET https://www.gstatic.com/firebasejs/releases.json 200
[debug] [2024-04-01T17:55:40.048Z] <<< [apiv2][body] GET https://www.gstatic.com/firebasejs/releases.json {"current":{"version":"10.10.0","browserURL":"https://www.gstatic.com/firebasejs/10.10.0/firebase.js","packageURL":"https://www.gstatic.com/firebasejs/10.10.0/firebase.tgz"},"live":{"version":"10.10","browserURL":"https://www.gstatic.com/firebasejs/live/10.10/firebase.js","packageURL":"https://www.gstatic.com/firebasejs/live/10.10/firebase.tgz"},"components":{"analytics":"https://www.gstatic.com/firebasejs/10.10.0/firebase-analytics.js","app":"https://www.gstatic.com/firebasejs/10.10.0/firebase-app.js","app-check":"https://www.gstatic.com/firebasejs/10.10.0/firebase-app-check.js","auth":"https://www.gstatic.com/firebasejs/10.10.0/firebase-auth.js","auth/cordova":"https://www.gstatic.com/firebasejs/10.10.0/firebase-auth/cordova.js","auth/web-extension":"https://www.gstatic.com/firebasejs/10.10.0/firebase-auth/web-extension.js","functions":"https://www.gstatic.com/firebasejs/10.10.0/firebase-functions.js","firestore":"https://www.gstatic.com/firebasejs/10.10.0/firebase-firestore.js","firestore/lite":"https://www.gstatic.com/firebasejs/10.10.0/firebase-firestore/lite.js","installations":"https://www.gstatic.com/firebasejs/10.10.0/firebase-installations.js","storage":"https://www.gstatic.com/firebasejs/10.10.0/firebase-storage.js","performance":"https://www.gstatic.com/firebasejs/10.10.0/firebase-performance.js","remote-config":"https://www.gstatic.com/firebasejs/10.10.0/firebase-remote-config.js","messaging":"https://www.gstatic.com/firebasejs/10.10.0/firebase-messaging.js","messaging/sw":"https://www.gstatic.com/firebasejs/10.10.0/firebase-messaging/sw.js","database":"https://www.gstatic.com/firebasejs/10.10.0/firebase-database.js","firestore.memory":"https://www.gstatic.com/firebasejs/10.10.0/firebase-firestore.memory.js"}}
[info] i  Skipping write of build/index.html 
[info] 
[info] i  Detected a .git folder at C:\wamp64\www\onemusic 
[info] i  Authorizing with GitHub to upload your service account to a GitHub repository's secrets store. 
[info] 
[info] Visit this URL on this device to log in:
[info] https://github.com/login/oauth/authorize?client_id=89cf50f02ac6aaed3484&state=555834417&redirect_uri=http%3A%2F%2Flocalhost%3A9005&scope=read%3Auser%20repo%20public_repo
[info] 
[info] Waiting for authentication...
[debug] [2024-04-01T17:56:34.069Z] >>> [apiv2][query] POST https://github.com/login/oauth/access_token [none]
[debug] [2024-04-01T17:56:34.070Z] >>> [apiv2][body] POST https://github.com/login/oauth/access_token [stream]
[debug] [2024-04-01T17:56:34.416Z] <<< [apiv2][status] POST https://github.com/login/oauth/access_token 200
[debug] [2024-04-01T17:56:34.416Z] <<< [apiv2][body] POST https://github.com/login/oauth/access_token {"access_token":"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","token_type":"bearer","scope":"read:user,repo"}
[debug] [2024-04-01T17:56:34.429Z] >>> [apiv2][query] GET https://api.github.com/user [none]
[debug] [2024-04-01T17:56:34.971Z] <<< [apiv2][status] GET https://api.github.com/user 200
[debug] [2024-04-01T17:56:34.971Z] <<< [apiv2][body] GET https://api.github.com/user {"login":"rufaro-13","id":130828592,"node_id":"U_kgDOB8xJMA","avatar_url":"https://avatars.githubusercontent.com/u/130828592?v=4","gravatar_id":"","url":"https://api.github.com/users/rufaro-13","html_url":"https://github.com/rufaro-13","followers_url":"https://api.github.com/users/rufaro-13/followers","following_url":"https://api.github.com/users/rufaro-13/following{/other_user}","gists_url":"https://api.github.com/users/rufaro-13/gists{/gist_id}","starred_url":"https://api.github.com/users/rufaro-13/starred{/owner}{/repo}","subscriptions_url":"https://api.github.com/users/rufaro-13/subscriptions","organizations_url":"https://api.github.com/users/rufaro-13/orgs","repos_url":"https://api.github.com/users/rufaro-13/repos","events_url":"https://api.github.com/users/rufaro-13/events{/privacy}","received_events_url":"https://api.github.com/users/rufaro-13/received_events","type":"User","site_admin":false,"name":null,"company":null,"blog":"","location":null,"email":null,"hireable":null,"bio":null,"twitter_username":null,"public_repos":13,"public_gists":0,"followers":0,"following":0,"created_at":"2023-04-15T08:15:28Z","updated_at":"2024-03-27T21:46:06Z","private_gists":0,"total_private_repos":1,"owned_private_repos":1,"disk_usage":582196,"collaborators":0,"two_factor_authentication":false,"plan":{"name":"free","space":976562499,"collaborators":0,"private_repos":10000}}
[info] 
[info] +  Success! Logged into GitHub as rufaro-13 
[info] 
